<?xml version="1.0" encoding="UTF-8"?>
<!-- Generated by org.testng.reporters.JUnitXMLReporter -->
<testsuite ignored="2" hostname="Eyyups-MacBook-Pro.local" failures="0" tests="2" name="Group of group Test" time="0.04" errors="0" timestamp="07 Jul 2019 21:11:45 GMT">
  <testcase classname="com.cybertek.RegularExpressionGroupTest" name="testMethodOne" time="0.012"/>
  <testcase classname="com.cybertek.RegularExpressionGroupTest" name="testMethodTwo" time="0.0"/>
  <testcase classname="com.cybertek.RegularExpressionGroupTest" name="testMethodThree" time="0.0">
    <ignored/>
  </testcase> <!-- testMethodThree -->
  <testcase classname="com.cybertek.RegularExpressionGroupTest" name="testMethodFour" time="0.0">
    <ignored/>
  </testcase> <!-- testMethodFour -->
</testsuite> <!-- Group of group Test -->
