<?xml version="1.0" encoding="UTF-8"?>
<testng-results ignored="2" total="6" passed="4" failed="0" skipped="0">
  <reporter-output>
  </reporter-output>
  <suite started-at="2019-07-07T21:11:44Z" name="Group of group Suite" finished-at="2019-07-07T21:11:44Z" duration-ms="40">
    <groups>
      <group name="include-test-one">
        <method signature="RegularExpressionGroupTest.testMethodOne()[pri:0, instance:com.cybertek.RegularExpressionGroupTest@72d1ad2e]" name="testMethodOne" class="com.cybertek.RegularExpressionGroupTest"/>
      </group> <!-- include-test-one -->
      <group name="include-test-two">
        <method signature="RegularExpressionGroupTest.testMethodTwo()[pri:0, instance:com.cybertek.RegularExpressionGroupTest@72d1ad2e]" name="testMethodTwo" class="com.cybertek.RegularExpressionGroupTest"/>
      </group> <!-- include-test-two -->
    </groups>
    <test started-at="2019-07-07T21:11:44Z" name="Group of group Test" finished-at="2019-07-07T21:11:44Z" duration-ms="40">
      <class name="com.cybertek.RegularExpressionGroupTest">
        <test-method signature="testMethodOne()[pri:0, instance:com.cybertek.RegularExpressionGroupTest@72d1ad2e]" started-at="2019-07-07T21:11:44Z" name="testMethodOne" finished-at="2019-07-07T21:11:44Z" duration-ms="12" status="PASS">
          <reporter-output>
          </reporter-output>
        </test-method> <!-- testMethodOne -->
        <test-method signature="testMethodTwo()[pri:0, instance:com.cybertek.RegularExpressionGroupTest@72d1ad2e]" started-at="2019-07-07T21:11:44Z" name="testMethodTwo" finished-at="2019-07-07T21:11:44Z" duration-ms="0" status="PASS">
          <reporter-output>
          </reporter-output>
        </test-method> <!-- testMethodTwo -->
      </class> <!-- com.cybertek.RegularExpressionGroupTest -->
    </test> <!-- Group of group Test -->
  </suite> <!-- Group of group Suite -->
  <suite started-at="2019-07-07T21:11:45Z" name="Parallel tests" finished-at="2019-07-07T21:11:45Z" duration-ms="4">
    <groups>
    </groups>
    <test started-at="2019-07-07T21:11:45Z" name="Test One" finished-at="2019-07-07T21:11:45Z" duration-ms="4">
      <class name="com.cybertek.ParallelSuiteTest">
        <test-method is-config="true" signature="beforeTest(java.lang.String)[pri:0, instance:com.cybertek.ParallelSuiteTest@145f66e3]" started-at="2019-07-07T21:11:45Z" name="beforeTest" finished-at="2019-07-07T21:11:45Z" duration-ms="2" status="PASS">
          <params>
            <param index="0">
              <value>
                <![CDATA[Test One]]>
              </value>
            </param>
          </params>
          <reporter-output>
          </reporter-output>
        </test-method> <!-- beforeTest -->
        <test-method is-config="true" signature="afterClass()[pri:0, instance:com.cybertek.ParallelSuiteTest@145f66e3]" started-at="2019-07-07T21:11:45Z" name="afterClass" finished-at="2019-07-07T21:11:45Z" duration-ms="1" status="PASS">
          <reporter-output>
          </reporter-output>
        </test-method> <!-- afterClass -->
        <test-method signature="testMethodOne()[pri:0, instance:com.cybertek.ParallelSuiteTest@145f66e3]" started-at="2019-07-07T21:11:45Z" name="testMethodOne" finished-at="2019-07-07T21:11:45Z" duration-ms="0" status="PASS">
          <reporter-output>
          </reporter-output>
        </test-method> <!-- testMethodOne -->
        <test-method is-config="true" signature="beforeClass()[pri:0, instance:com.cybertek.ParallelSuiteTest@145f66e3]" started-at="2019-07-07T21:11:45Z" name="beforeClass" finished-at="2019-07-07T21:11:45Z" duration-ms="0" status="PASS">
          <reporter-output>
          </reporter-output>
        </test-method> <!-- beforeClass -->
        <test-method is-config="true" signature="afterTest()[pri:0, instance:com.cybertek.ParallelSuiteTest@145f66e3]" started-at="2019-07-07T21:11:45Z" name="afterTest" finished-at="2019-07-07T21:11:45Z" duration-ms="0" status="PASS">
          <reporter-output>
          </reporter-output>
        </test-method> <!-- afterTest -->
      </class> <!-- com.cybertek.ParallelSuiteTest -->
    </test> <!-- Test One -->
    <test started-at="2019-07-07T21:11:45Z" name="Test Two" finished-at="2019-07-07T21:11:45Z" duration-ms="4">
      <class name="com.cybertek.ParallelSuiteTest">
        <test-method is-config="true" signature="beforeTest(java.lang.String)[pri:0, instance:com.cybertek.ParallelSuiteTest@31304f14]" started-at="2019-07-07T21:11:45Z" name="beforeTest" finished-at="2019-07-07T21:11:45Z" duration-ms="2" status="PASS">
          <params>
            <param index="0">
              <value>
                <![CDATA[Test Two]]>
              </value>
            </param>
          </params>
          <reporter-output>
          </reporter-output>
        </test-method> <!-- beforeTest -->
        <test-method is-config="true" signature="afterClass()[pri:0, instance:com.cybertek.ParallelSuiteTest@31304f14]" started-at="2019-07-07T21:11:45Z" name="afterClass" finished-at="2019-07-07T21:11:45Z" duration-ms="1" status="PASS">
          <reporter-output>
          </reporter-output>
        </test-method> <!-- afterClass -->
        <test-method signature="testMethodOne()[pri:0, instance:com.cybertek.ParallelSuiteTest@31304f14]" started-at="2019-07-07T21:11:45Z" name="testMethodOne" finished-at="2019-07-07T21:11:45Z" duration-ms="0" status="PASS">
          <reporter-output>
          </reporter-output>
        </test-method> <!-- testMethodOne -->
        <test-method is-config="true" signature="beforeClass()[pri:0, instance:com.cybertek.ParallelSuiteTest@31304f14]" started-at="2019-07-07T21:11:45Z" name="beforeClass" finished-at="2019-07-07T21:11:45Z" duration-ms="0" status="PASS">
          <reporter-output>
          </reporter-output>
        </test-method> <!-- beforeClass -->
        <test-method is-config="true" signature="afterTest()[pri:0, instance:com.cybertek.ParallelSuiteTest@31304f14]" started-at="2019-07-07T21:11:45Z" name="afterTest" finished-at="2019-07-07T21:11:45Z" duration-ms="0" status="PASS">
          <reporter-output>
          </reporter-output>
        </test-method> <!-- afterTest -->
      </class> <!-- com.cybertek.ParallelSuiteTest -->
    </test> <!-- Test Two -->
  </suite> <!-- Parallel tests -->
</testng-results>
